<?xml version="1.0" encoding="UTF-8"?>
<testsuite name="com.csc.TestLinks" tests="4" skipped="0" failures="0" errors="0" timestamp="2024-12-13T22:57:41" hostname="BENS-LAPTOP" time="0.015">
  <properties/>
  <testcase name="testPrepend()" classname="com.csc.TestLinks" time="0.012"/>
  <testcase name="testGenericType()" classname="com.csc.TestLinks" time="0.0"/>
  <testcase name="testSizeMethod()" classname="com.csc.TestLinks" time="0.0"/>
  <testcase name="testAppendAndGet()" classname="com.csc.TestLinks" time="0.0"/>
  <system-out><![CDATA[]]></system-out>
  <system-err><![CDATA[]]></system-err>
</testsuite>
